[21:07:27 - AWT-EventQueue-0] [GUI.java:2826] [INFO] - External tools default settings: /external_tools_linux.config
[21:07:27 - AWT-EventQueue-0] [GUI.java:2856] [INFO] - External tools user settings: /home/user/.cooja.user.properties
[21:07:36 - AWT-EventQueue-0] [Simulation.java:423] [INFO] - Simulation random seed: 123456
[21:08:28 - AWT-EventQueue-0] [CompileContiki.java:131] [INFO] - > make example-abc.cooja TARGET=cooja 
[21:08:54 - AWT-EventQueue-0] [ContikiMoteType.java:385] [INFO] - Creating core communicator between Java class 'Lib1' and Contiki library 'mtype17.cooja'
[21:08:55 - AWT-EventQueue-0] [GUI.java:2152] [FATAL] - Exception when creating mote type
se.sics.cooja.MoteType$MoteTypeCreationException: Error when creating corecomm instance: Lib1
	at se.sics.cooja.CoreComm.createCoreComm(CoreComm.java:344)
	at se.sics.cooja.contikimote.ContikiMoteType.doInit(ContikiMoteType.java:386)
	at se.sics.cooja.contikimote.ContikiMoteType.configureAndInit(ContikiMoteType.java:349)
	at se.sics.cooja.GUI.doCreateMoteType(GUI.java:2147)
	at se.sics.cooja.GUI.doCreateMoteType(GUI.java:2126)
	at se.sics.cooja.GUI$GUIEventHandler.actionPerformed(GUI.java:2908)
	at javax.swing.AbstractButton.fireActionPerformed(AbstractButton.java:2018)
	at javax.swing.AbstractButton$Handler.actionPerformed(AbstractButton.java:2341)
	at javax.swing.DefaultButtonModel.fireActionPerformed(DefaultButtonModel.java:402)
	at javax.swing.DefaultButtonModel.setPressed(DefaultButtonModel.java:259)
	at javax.swing.AbstractButton.doClick(AbstractButton.java:376)
	at javax.swing.plaf.basic.BasicMenuItemUI.doClick(BasicMenuItemUI.java:833)
	at javax.swing.plaf.basic.BasicMenuItemUI$Handler.mouseReleased(BasicMenuItemUI.java:877)
	at java.awt.Component.processMouseEvent(Component.java:6505)
	at javax.swing.JComponent.processMouseEvent(JComponent.java:3312)
	at java.awt.Component.processEvent(Component.java:6270)
	at java.awt.Container.processEvent(Container.java:2229)
	at java.awt.Component.dispatchEventImpl(Component.java:4861)
	at java.awt.Container.dispatchEventImpl(Container.java:2287)
	at java.awt.Component.dispatchEvent(Component.java:4687)
	at java.awt.LightweightDispatcher.retargetMouseEvent(Container.java:4832)
	at java.awt.LightweightDispatcher.processMouseEvent(Container.java:4492)
	at java.awt.LightweightDispatcher.dispatchEvent(Container.java:4422)
	at java.awt.Container.dispatchEventImpl(Container.java:2273)
	at java.awt.Window.dispatchEventImpl(Window.java:2719)
	at java.awt.Component.dispatchEvent(Component.java:4687)
	at java.awt.EventQueue.dispatchEventImpl(EventQueue.java:723)
	at java.awt.EventQueue.access$200(EventQueue.java:103)
	at java.awt.EventQueue$3.run(EventQueue.java:682)
	at java.awt.EventQueue$3.run(EventQueue.java:680)
	at java.security.AccessController.doPrivileged(Native Method)
	at java.security.ProtectionDomain$1.doIntersectionPrivilege(ProtectionDomain.java:76)
	at java.security.ProtectionDomain$1.doIntersectionPrivilege(ProtectionDomain.java:87)
	at java.awt.EventQueue$4.run(EventQueue.java:696)
	at java.awt.EventQueue$4.run(EventQueue.java:694)
	at java.security.AccessController.doPrivileged(Native Method)
	at java.security.ProtectionDomain$1.doIntersectionPrivilege(ProtectionDomain.java:76)
	at java.awt.EventQueue.dispatchEvent(EventQueue.java:693)
	at java.awt.EventDispatchThread.pumpOneEventForFilters(EventDispatchThread.java:244)
	at java.awt.EventDispatchThread.pumpEventsForFilter(EventDispatchThread.java:163)
	at java.awt.EventDispatchThread.pumpEventsForHierarchy(EventDispatchThread.java:151)
	at java.awt.EventDispatchThread.pumpEvents(EventDispatchThread.java:147)
	at java.awt.EventDispatchThread.pumpEvents(EventDispatchThread.java:139)
	at java.awt.EventDispatchThread.run(EventDispatchThread.java:97)
Caused by: java.lang.reflect.InvocationTargetException
	at sun.reflect.NativeConstructorAccessorImpl.newInstance0(Native Method)
	at sun.reflect.NativeConstructorAccessorImpl.newInstance(NativeConstructorAccessorImpl.java:57)
	at sun.reflect.DelegatingConstructorAccessorImpl.newInstance(DelegatingConstructorAccessorImpl.java:45)
	at java.lang.reflect.Constructor.newInstance(Constructor.java:525)
	at se.sics.cooja.CoreComm.createCoreComm(CoreComm.java:335)
	... 43 more
Caused by: java.lang.UnsatisfiedLinkError: /home/user/OrisenPrime/examples/for_students/obj_cooja/mtype17.cooja: /home/user/OrisenPrime/examples/for_students/obj_cooja/mtype17.cooja: undefined symbol: clock_delay_msec
	at java.lang.ClassLoader$NativeLibrary.load(Native Method)
	at java.lang.ClassLoader.loadLibrary1(ClassLoader.java:1935)
	at java.lang.ClassLoader.loadLibrary0(ClassLoader.java:1860)
	at java.lang.ClassLoader.loadLibrary(ClassLoader.java:1821)
	at java.lang.Runtime.load0(Runtime.java:792)
	at java.lang.System.load(System.java:1059)
	at se.sics.cooja.corecomm.Lib1.<init>(Lib1.java:49)
	... 48 more
